<?xml version="1.0" encoding="UTF-8"?>
<!-- Generated by org.testng.reporters.JUnitXMLReporter -->
<testsuite hostname="NEWNODE31" ignored="0" name="Free CRM App Test Cases" tests="10" failures="0" timestamp="23 Aug 2018 12:24:26 GMT" time="189.732" errors="0">
  <testcase name="loginPageTitleTest" time="1.297" classname="com.crm.qa.testcases.LoginPageTest"/>
  <testcase name="verifyHomePageTitleTest" time="1.687" classname="com.crm.qa.testcases.HomePageTest"/>
  <testcase name="verifyContactsLabelTest" time="1.583" classname="com.crm.qa.testcases.contactsPageTest"/>
  <testcase name="CRMImageTest" time="0.713" classname="com.crm.qa.testcases.LoginPageTest"/>
  <testcase name="verifUserNameLabelTest" time="10.415" classname="com.crm.qa.testcases.HomePageTest"/>
  <testcase name="selectContactsTest" time="1.664" classname="com.crm.qa.testcases.contactsPageTest"/>
  <testcase name="loginTest" time="0.893" classname="com.crm.qa.testcases.LoginPageTest"/>
  <testcase name="verifyContactsLinkTest" time="8.259" classname="com.crm.qa.testcases.HomePageTest"/>
  <testcase name="verifyDealsLinkTest" time="1.978" classname="com.crm.qa.testcases.HomePageTest"/>
  <testcase name="verifyTasksLinkTest" time="1.896" classname="com.crm.qa.testcases.HomePageTest"/>
</testsuite> <!-- Free CRM App Test Cases -->
