<?xml version="1.0" encoding="UTF-8"?>
<!-- Generated by org.testng.reporters.JUnitXMLReporter -->
<testsuite hostname="NEWNODE31" ignored="0" name="Default test" tests="3" failures="0" timestamp="21 Aug 2018 09:57:02 GMT" time="30.055" errors="0">
  <testcase name="loginPageTitleTest" time="0.965" classname="com.crm.qa.testcases.LoginPageTest"/>
  <testcase name="CRMImageTest" time="0.588" classname="com.crm.qa.testcases.LoginPageTest"/>
  <testcase name="loginTest" time="0.97" classname="com.crm.qa.testcases.LoginPageTest"/>
</testsuite> <!-- Default test -->
