<?xml version="1.0" encoding="UTF-8"?>
<testng-results skipped="0" failed="0" ignored="0" total="3" passed="3">
  <reporter-output>
  </reporter-output>
  <suite name="Default suite" duration-ms="30055" started-at="2018-08-21T09:56:32Z" finished-at="2018-08-21T09:57:02Z">
    <groups>
    </groups>
    <test name="Default test" duration-ms="30055" started-at="2018-08-21T09:56:32Z" finished-at="2018-08-21T09:57:02Z">
      <class name="com.crm.qa.testcases.LoginPageTest">
        <test-method status="PASS" signature="setUp()[pri:0, instance:com.crm.qa.testcases.LoginPageTest@15f0688]" name="setUp" is-config="true" duration-ms="9436" started-at="2018-08-21T15:26:32Z" finished-at="2018-08-21T15:26:42Z">
          <reporter-output>
          </reporter-output>
        </test-method> <!-- setUp -->
        <test-method status="PASS" signature="loginPageTitleTest()[pri:1, instance:com.crm.qa.testcases.LoginPageTest@15f0688]" name="loginPageTitleTest" duration-ms="965" started-at="2018-08-21T15:26:42Z" finished-at="2018-08-21T15:26:43Z">
          <reporter-output>
          </reporter-output>
        </test-method> <!-- loginPageTitleTest -->
        <test-method status="PASS" signature="tearDown()[pri:0, instance:com.crm.qa.testcases.LoginPageTest@15f0688]" name="tearDown" is-config="true" duration-ms="661" started-at="2018-08-21T15:26:43Z" finished-at="2018-08-21T15:26:43Z">
          <reporter-output>
          </reporter-output>
        </test-method> <!-- tearDown -->
        <test-method status="PASS" signature="setUp()[pri:0, instance:com.crm.qa.testcases.LoginPageTest@15f0688]" name="setUp" is-config="true" duration-ms="8252" started-at="2018-08-21T15:26:43Z" finished-at="2018-08-21T15:26:52Z">
          <reporter-output>
          </reporter-output>
        </test-method> <!-- setUp -->
        <test-method status="PASS" signature="CRMImageTest()[pri:2, instance:com.crm.qa.testcases.LoginPageTest@15f0688]" name="CRMImageTest" duration-ms="588" started-at="2018-08-21T15:26:52Z" finished-at="2018-08-21T15:26:52Z">
          <reporter-output>
          </reporter-output>
        </test-method> <!-- CRMImageTest -->
        <test-method status="PASS" signature="tearDown()[pri:0, instance:com.crm.qa.testcases.LoginPageTest@15f0688]" name="tearDown" is-config="true" duration-ms="538" started-at="2018-08-21T15:26:52Z" finished-at="2018-08-21T15:26:53Z">
          <reporter-output>
          </reporter-output>
        </test-method> <!-- tearDown -->
        <test-method status="PASS" signature="setUp()[pri:0, instance:com.crm.qa.testcases.LoginPageTest@15f0688]" name="setUp" is-config="true" duration-ms="8039" started-at="2018-08-21T15:26:53Z" finished-at="2018-08-21T15:27:01Z">
          <reporter-output>
          </reporter-output>
        </test-method> <!-- setUp -->
        <test-method status="PASS" signature="loginTest()[pri:3, instance:com.crm.qa.testcases.LoginPageTest@15f0688]" name="loginTest" duration-ms="970" started-at="2018-08-21T15:27:01Z" finished-at="2018-08-21T15:27:02Z">
          <reporter-output>
          </reporter-output>
        </test-method> <!-- loginTest -->
        <test-method status="PASS" signature="tearDown()[pri:0, instance:com.crm.qa.testcases.LoginPageTest@15f0688]" name="tearDown" is-config="true" duration-ms="566" started-at="2018-08-21T15:27:02Z" finished-at="2018-08-21T15:27:02Z">
          <reporter-output>
          </reporter-output>
        </test-method> <!-- tearDown -->
      </class> <!-- com.crm.qa.testcases.LoginPageTest -->
    </test> <!-- Default test -->
  </suite> <!-- Default suite -->
</testng-results>
